# JRE version: OpenJDK Runtime Environment Microsoft-8035246 (17.0.8+7) (build 17.0.8+7-LTS)
# Java VM: OpenJDK 64-Bit Server VM Microsoft-8035246 (17.0.8+7-LTS, mixed mode, sharing, tiered, compressed oops, compressed class ptrs, g1 gc, windows-amd64)
GC Precious Log:
 CPUs: 4 total, 4 available
 Memory: 7872M
 Large Page Support: Disabled
 NUMA Support: Disabled
 Compressed Oops: Enabled (32-bit)
 Heap Region Size: 1M
 Heap Min Capacity: 8M
 Heap Initial Capacity: 124M
 Heap Max Capacity: 2G
 Pre-touch: Disabled
 Parallel Workers: 4
 Concurrent Workers: 1
 Concurrent Refinement Workers: 4
 Periodic GC: Disabled
Heap:
 garbage-first heap   total 300032K, used 242708K [0x0000000080000000, 0x0000000100000000)
  region size 1024K, 53 young (54272K), 8 survivors (8192K)
 Metaspace       used 107861K, committed 108992K, reserved 557056K
  class space    used 14884K, committed 15424K, reserved 425984K
GC Heap History (20 events):
Event: 77.313 GC heap before
{Heap before GC invocations=36 (full 0):
 garbage-first heap   total 198656K, used 165541K [0x0000000080000000, 0x0000000100000000)
  region size 1024K, 63 young (64512K), 9 survivors (9216K)
 Metaspace       used 97113K, committed 97984K, reserved 557056K
  class space    used 13502K, committed 13888K, reserved 425984K
}
Event: 77.342 GC heap after
{Heap after GC invocations=37 (full 0):
 garbage-first heap   total 198656K, used 124784K [0x0000000080000000, 0x0000000100000000)
  region size 1024K, 8 young (8192K), 8 survivors (8192K)
 Metaspace       used 97113K, committed 97984K, reserved 557056K
  class space    used 13502K, committed 13888K, reserved 425984K
}
Event: 78.125 GC heap before
{Heap before GC invocations=37 (full 0):
 garbage-first heap   total 198656K, used 161648K [0x0000000080000000, 0x0000000100000000)
  region size 1024K, 43 young (44032K), 8 survivors (8192K)
 Metaspace       used 97429K, committed 98368K, reserved 557056K
  class space    used 13529K, committed 13952K, reserved 425984K
}
Event: 78.148 GC heap after
{Heap after GC invocations=38 (full 0):
 garbage-first heap   total 198656K, used 134842K [0x0000000080000000, 0x0000000100000000)
  region size 1024K, 6 young (6144K), 6 survivors (6144K)
 Metaspace       used 97429K, committed 98368K, reserved 557056K
  class space    used 13529K, committed 13952K, reserved 425984K
}
Event: 78.774 GC heap before
{Heap before GC invocations=39 (full 0):
 garbage-first heap   total 249856K, used 161466K [0x0000000080000000, 0x0000000100000000)
  region size 1024K, 31 young (31744K), 6 survivors (6144K)
 Metaspace       used 97827K, committed 98816K, reserved 557056K
  class space    used 13580K, committed 14016K, reserved 425984K
}
Event: 78.791 GC heap after
{Heap after GC invocations=40 (full 0):
 garbage-first heap   total 249856K, used 139878K [0x0000000080000000, 0x0000000100000000)
  region size 1024K, 4 young (4096K), 4 survivors (4096K)
 Metaspace       used 97827K, committed 98816K, reserved 557056K
  class space    used 13580K, committed 14016K, reserved 425984K
}
Event: 78.949 GC heap before
{Heap before GC invocations=40 (full 0):
 garbage-first heap   total 249856K, used 148070K [0x0000000080000000, 0x0000000100000000)
  region size 1024K, 12 young (12288K), 4 survivors (4096K)
 Metaspace       used 97893K, committed 98880K, reserved 557056K
  class space    used 13590K, committed 14016K, reserved 425984K
}
Event: 78.959 GC heap after
{Heap after GC invocations=41 (full 0):
 garbage-first heap   total 300032K, used 145411K [0x0000000080000000, 0x0000000100000000)
  region size 1024K, 2 young (2048K), 2 survivors (2048K)
 Metaspace       used 97893K, committed 98880K, reserved 557056K
  class space    used 13590K, committed 14016K, reserved 425984K
}
Event: 80.717 GC heap before
{Heap before GC invocations=41 (full 0):
 garbage-first heap   total 300032K, used 230403K [0x0000000080000000, 0x0000000100000000)
  region size 1024K, 83 young (84992K), 2 survivors (2048K)
 Metaspace       used 99029K, committed 100032K, reserved 557056K
  class space    used 13738K, committed 14208K, reserved 425984K
}
Event: 80.749 GC heap after
{Heap after GC invocations=42 (full 0):
 garbage-first heap   total 300032K, used 162273K [0x0000000080000000, 0x0000000100000000)
  region size 1024K, 11 young (11264K), 11 survivors (11264K)
 Metaspace       used 99029K, committed 100032K, reserved 557056K
  class space    used 13738K, committed 14208K, reserved 425984K
}
Event: 82.177 GC heap before
{Heap before GC invocations=42 (full 0):
 garbage-first heap   total 300032K, used 232929K [0x0000000080000000, 0x0000000100000000)
  region size 1024K, 80 young (81920K), 11 survivors (11264K)
 Metaspace       used 103794K, committed 104960K, reserved 557056K
  class space    used 14430K, committed 14976K, reserved 425984K
}
Event: 82.207 GC heap after
{Heap after GC invocations=43 (full 0):
 garbage-first heap   total 300032K, used 168555K [0x0000000080000000, 0x0000000100000000)
  region size 1024K, 6 young (6144K), 6 survivors (6144K)
 Metaspace       used 103794K, committed 104960K, reserved 557056K
  class space    used 14430K, committed 14976K, reserved 425984K
}
Event: 83.361 GC heap before
{Heap before GC invocations=43 (full 0):
 garbage-first heap   total 300032K, used 238187K [0x0000000080000000, 0x0000000100000000)
  region size 1024K, 74 young (75776K), 6 survivors (6144K)
 Metaspace       used 106037K, committed 107136K, reserved 557056K
  class space    used 14688K, committed 15232K, reserved 425984K
}
Event: 83.390 GC heap after
{Heap after GC invocations=44 (full 0):
 garbage-first heap   total 300032K, used 176217K [0x0000000080000000, 0x0000000100000000)
  region size 1024K, 10 young (10240K), 10 survivors (10240K)
 Metaspace       used 106037K, committed 107136K, reserved 557056K
  class space    used 14688K, committed 15232K, reserved 425984K
}
Event: 84.244 GC heap before
{Heap before GC invocations=44 (full 0):
 garbage-first heap   total 300032K, used 240729K [0x0000000080000000, 0x0000000100000000)
  region size 1024K, 73 young (74752K), 10 survivors (10240K)
 Metaspace       used 106537K, committed 107648K, reserved 557056K
  class space    used 14728K, committed 15232K, reserved 425984K
}
Event: 84.278 GC heap after
{Heap after GC invocations=45 (full 0):
 garbage-first heap   total 300032K, used 183999K [0x0000000080000000, 0x0000000100000000)
  region size 1024K, 8 young (8192K), 8 survivors (8192K)
 Metaspace       used 106537K, committed 107648K, reserved 557056K
  class space    used 14728K, committed 15232K, reserved 425984K
}
Event: 85.443 GC heap before
{Heap before GC invocations=45 (full 0):
 garbage-first heap   total 300032K, used 242367K [0x0000000080000000, 0x0000000100000000)
  region size 1024K, 66 young (67584K), 8 survivors (8192K)
 Metaspace       used 107432K, committed 108672K, reserved 557056K
  class space    used 14837K, committed 15424K, reserved 425984K
}
Event: 85.466 GC heap after
{Heap after GC invocations=46 (full 0):
 garbage-first heap   total 300032K, used 188636K [0x0000000080000000, 0x0000000100000000)
  region size 1024K, 5 young (5120K), 5 survivors (5120K)
 Metaspace       used 107432K, committed 108672K, reserved 557056K
  class space    used 14837K, committed 15424K, reserved 425984K
}
Event: 86.709 GC heap before
{Heap before GC invocations=46 (full 0):
 garbage-first heap   total 300032K, used 245980K [0x0000000080000000, 0x0000000100000000)
  region size 1024K, 62 young (63488K), 5 survivors (5120K)
 Metaspace       used 107807K, committed 108928K, reserved 557056K
  class space    used 14883K, committed 15424K, reserved 425984K
}
Event: 86.729 GC heap after
{Heap after GC invocations=47 (full 0):
 garbage-first heap   total 300032K, used 193556K [0x0000000080000000, 0x0000000100000000)
  region size 1024K, 8 young (8192K), 8 survivors (8192K)
 Metaspace       used 107807K, committed 108928K, reserved 557056K
  class space    used 14883K, committed 15424K, reserved 425984K
}

