# JRE version: OpenJDK Runtime Environment Microsoft-8035246 (17.0.8+7) (build 17.0.8+7-LTS)
# Java VM: OpenJDK 64-Bit Server VM Microsoft-8035246 (17.0.8+7-LTS, mixed mode, sharing, tiered, compressed oops, compressed class ptrs, g1 gc, windows-amd64)
GC Precious Log:
 CPUs: 4 total, 4 available
 Memory: 7872M
 Large Page Support: Disabled
 NUMA Support: Disabled
 Compressed Oops: Enabled (32-bit)
 Heap Region Size: 1M
 Heap Min Capacity: 8M
 Heap Initial Capacity: 124M
 Heap Max Capacity: 2G
 Pre-touch: Disabled
 Parallel Workers: 4
 Concurrent Workers: 1
 Concurrent Refinement Workers: 4
 Periodic GC: Disabled
Heap:
 garbage-first heap   total 228352K, used 160940K [0x0000000080000000, 0x0000000100000000)
  region size 1024K, 13 young (13312K), 6 survivors (6144K)
 Metaspace       used 98017K, committed 99008K, reserved 557056K
  class space    used 13682K, committed 14144K, reserved 425984K
GC Heap History (20 events):
Event: 78.522 GC heap before
{Heap before GC invocations=53 (full 0):
 garbage-first heap   total 228352K, used 161550K [0x0000000080000000, 0x0000000100000000)
  region size 1024K, 75 young (76800K), 3 survivors (3072K)
 Metaspace       used 80926K, committed 81664K, reserved 557056K
  class space    used 11298K, committed 11648K, reserved 425984K
}
Event: 78.531 GC heap after
{Heap after GC invocations=54 (full 0):
 garbage-first heap   total 228352K, used 91075K [0x0000000080000000, 0x0000000100000000)
  region size 1024K, 6 young (6144K), 6 survivors (6144K)
 Metaspace       used 80926K, committed 81664K, reserved 557056K
  class space    used 11298K, committed 11648K, reserved 425984K
}
Event: 81.742 GC heap before
{Heap before GC invocations=54 (full 0):
 garbage-first heap   total 228352K, used 167875K [0x0000000080000000, 0x0000000100000000)
  region size 1024K, 81 young (82944K), 6 survivors (6144K)
 Metaspace       used 85885K, committed 86720K, reserved 557056K
  class space    used 12115K, committed 12480K, reserved 425984K
}
Event: 81.760 GC heap after
{Heap after GC invocations=55 (full 0):
 garbage-first heap   total 228352K, used 96039K [0x0000000080000000, 0x0000000100000000)
  region size 1024K, 11 young (11264K), 11 survivors (11264K)
 Metaspace       used 85885K, committed 86720K, reserved 557056K
  class space    used 12115K, committed 12480K, reserved 425984K
}
Event: 86.823 GC heap before
{Heap before GC invocations=55 (full 0):
 garbage-first heap   total 228352K, used 177959K [0x0000000080000000, 0x0000000100000000)
  region size 1024K, 86 young (88064K), 11 survivors (11264K)
 Metaspace       used 87529K, committed 88384K, reserved 557056K
  class space    used 12331K, committed 12736K, reserved 425984K
}
Event: 86.853 GC heap after
{Heap after GC invocations=56 (full 0):
 garbage-first heap   total 228352K, used 117038K [0x0000000080000000, 0x0000000100000000)
  region size 1024K, 11 young (11264K), 11 survivors (11264K)
 Metaspace       used 87529K, committed 88384K, reserved 557056K
  class space    used 12331K, committed 12736K, reserved 425984K
}
Event: 90.976 GC heap before
{Heap before GC invocations=56 (full 0):
 garbage-first heap   total 228352K, used 175406K [0x0000000080000000, 0x0000000100000000)
  region size 1024K, 67 young (68608K), 11 survivors (11264K)
 Metaspace       used 88587K, committed 89536K, reserved 557056K
  class space    used 12453K, committed 12864K, reserved 425984K
}
Event: 91.002 GC heap after
{Heap after GC invocations=57 (full 0):
 garbage-first heap   total 228352K, used 132278K [0x0000000080000000, 0x0000000100000000)
  region size 1024K, 9 young (9216K), 9 survivors (9216K)
 Metaspace       used 88587K, committed 89536K, reserved 557056K
  class space    used 12453K, committed 12864K, reserved 425984K
}
Event: 93.557 GC heap before
{Heap before GC invocations=57 (full 0):
 garbage-first heap   total 228352K, used 178358K [0x0000000080000000, 0x0000000100000000)
  region size 1024K, 54 young (55296K), 9 survivors (9216K)
 Metaspace       used 92135K, committed 93056K, reserved 557056K
  class space    used 12992K, committed 13440K, reserved 425984K
}
Event: 93.581 GC heap after
{Heap after GC invocations=58 (full 0):
 garbage-first heap   total 228352K, used 136101K [0x0000000080000000, 0x0000000100000000)
  region size 1024K, 3 young (3072K), 3 survivors (3072K)
 Metaspace       used 92135K, committed 93056K, reserved 557056K
  class space    used 12992K, committed 13440K, reserved 425984K
}
Event: 100.741 GC heap before
{Heap before GC invocations=58 (full 0):
 garbage-first heap   total 228352K, used 182181K [0x0000000080000000, 0x0000000100000000)
  region size 1024K, 48 young (49152K), 3 survivors (3072K)
 Metaspace       used 95384K, committed 96384K, reserved 557056K
  class space    used 13380K, committed 13824K, reserved 425984K
}
Event: 100.760 GC heap after
{Heap after GC invocations=59 (full 0):
 garbage-first heap   total 228352K, used 139173K [0x0000000080000000, 0x0000000100000000)
  region size 1024K, 6 young (6144K), 6 survivors (6144K)
 Metaspace       used 95384K, committed 96384K, reserved 557056K
  class space    used 13380K, committed 13824K, reserved 425984K
}
Event: 103.943 GC heap before
{Heap before GC invocations=59 (full 0):
 garbage-first heap   total 228352K, used 184229K [0x0000000080000000, 0x0000000100000000)
  region size 1024K, 50 young (51200K), 6 survivors (6144K)
 Metaspace       used 96392K, committed 97344K, reserved 557056K
  class space    used 13490K, committed 13952K, reserved 425984K
}
Event: 103.965 GC heap after
{Heap after GC invocations=60 (full 0):
 garbage-first heap   total 228352K, used 144631K [0x0000000080000000, 0x0000000100000000)
  region size 1024K, 6 young (6144K), 6 survivors (6144K)
 Metaspace       used 96392K, committed 97344K, reserved 557056K
  class space    used 13490K, committed 13952K, reserved 425984K
}
Event: 105.939 GC heap before
{Heap before GC invocations=60 (full 0):
 garbage-first heap   total 228352K, used 186615K [0x0000000080000000, 0x0000000100000000)
  region size 1024K, 47 young (48128K), 6 survivors (6144K)
 Metaspace       used 96964K, committed 97984K, reserved 557056K
  class space    used 13547K, committed 14016K, reserved 425984K
}
Event: 105.961 GC heap after
{Heap after GC invocations=61 (full 0):
 garbage-first heap   total 228352K, used 149174K [0x0000000080000000, 0x0000000100000000)
  region size 1024K, 5 young (5120K), 5 survivors (5120K)
 Metaspace       used 96964K, committed 97984K, reserved 557056K
  class space    used 13547K, committed 14016K, reserved 425984K
}
Event: 107.816 GC heap before
{Heap before GC invocations=61 (full 0):
 garbage-first heap   total 228352K, used 188086K [0x0000000080000000, 0x0000000100000000)
  region size 1024K, 44 young (45056K), 5 survivors (5120K)
 Metaspace       used 97665K, committed 98688K, reserved 557056K
  class space    used 13628K, committed 14144K, reserved 425984K
}
Event: 107.833 GC heap after
{Heap after GC invocations=62 (full 0):
 garbage-first heap   total 228352K, used 151197K [0x0000000080000000, 0x0000000100000000)
  region size 1024K, 3 young (3072K), 3 survivors (3072K)
 Metaspace       used 97665K, committed 98688K, reserved 557056K
  class space    used 13628K, committed 14144K, reserved 425984K
}
Event: 109.751 GC heap before
{Heap before GC invocations=62 (full 0):
 garbage-first heap   total 228352K, used 189085K [0x0000000080000000, 0x0000000100000000)
  region size 1024K, 41 young (41984K), 3 survivors (3072K)
 Metaspace       used 98017K, committed 99008K, reserved 557056K
  class space    used 13682K, committed 14144K, reserved 425984K
}
Event: 109.763 GC heap after
{Heap after GC invocations=63 (full 0):
 garbage-first heap   total 228352K, used 154796K [0x0000000080000000, 0x0000000100000000)
  region size 1024K, 6 young (6144K), 6 survivors (6144K)
 Metaspace       used 98017K, committed 99008K, reserved 557056K
  class space    used 13682K, committed 14144K, reserved 425984K
}

